<?xml version="1.0" encoding="UTF-8"?>
<testsuite xmlns:xsi="http://www.w3.org/2001/XMLSchema-instance" xsi:noNamespaceSchemaLocation="https://maven.apache.org/surefire/maven-surefire-plugin/xsd/surefire-test-report.xsd" name="com.xzy.AppTest" time="0.062" tests="1" errors="0" skipped="0" failures="0">
  <properties>
    <property name="sun.desktop" value="windows"/>
    <property name="awt.toolkit" value="sun.awt.windows.WToolkit"/>
    <property name="file.encoding.pkg" value="sun.io"/>
    <property name="java.specification.version" value="1.8"/>
    <property name="sun.cpu.isalist" value="amd64"/>
    <property name="sun.jnu.encoding" value="GBK"/>
    <property name="java.class.path" value="D:\spring_demo\e3parent\e3-common\target\test-classes;D:\spring_demo\e3parent\e3-common\target\classes;D:\repository\junit\junit\4.12\junit-4.12.jar;D:\repository\org\hamcrest\hamcrest-core\1.3\hamcrest-core-1.3.jar;D:\repository\joda-time\joda-time\2.5\joda-time-2.5.jar;D:\repository\org\apache\commons\commons-lang3\3.3.2\commons-lang3-3.3.2.jar;D:\repository\commons-io\commons-io\1.3.2\commons-io-1.3.2.jar;D:\repository\commons-net\commons-net\3.3\commons-net-3.3.jar;D:\repository\com\fasterxml\jackson\core\jackson-databind\2.4.2\jackson-databind-2.4.2.jar;D:\repository\com\fasterxml\jackson\core\jackson-annotations\2.4.0\jackson-annotations-2.4.0.jar;D:\repository\com\fasterxml\jackson\core\jackson-core\2.4.2\jackson-core-2.4.2.jar;D:\repository\org\apache\httpcomponents\httpclient\4.3.5\httpclient-4.3.5.jar;D:\repository\org\apache\httpcomponents\httpcore\4.3.2\httpcore-4.3.2.jar;D:\repository\commons-logging\commons-logging\1.1.3\commons-logging-1.1.3.jar;D:\repository\commons-codec\commons-codec\1.6\commons-codec-1.6.jar;D:\repository\org\quartz-scheduler\quartz\2.2.2\quartz-2.2.2.jar;D:\repository\c3p0\c3p0\0.9.1.1\c3p0-0.9.1.1.jar;D:\repository\org\slf4j\slf4j-api\1.7.7\slf4j-api-1.7.7.jar;D:\repository\org\slf4j\slf4j-log4j12\1.6.4\slf4j-log4j12-1.6.4.jar;D:\repository\log4j\log4j\1.2.16\log4j-1.2.16.jar;"/>
    <property name="java.vm.vendor" value="Oracle Corporation"/>
    <property name="sun.arch.data.model" value="64"/>
    <property name="user.variant" value=""/>
    <property name="java.vendor.url" value="http://java.oracle.com/"/>
    <property name="user.timezone" value="Asia/Shanghai"/>
    <property name="java.vm.specification.version" value="1.8"/>
    <property name="os.name" value="Windows 10"/>
    <property name="user.country" value="CN"/>
    <property name="sun.java.launcher" value="SUN_STANDARD"/>
    <property name="sun.boot.library.path" value="C:\Java\jdk1.8.0_181\jre\bin"/>
    <property name="sun.java.command" value="C:\Users\zhouli\AppData\Local\Temp\surefire6023048156607148746\surefirebooter1136979237110188998.jar C:\Users\zhouli\AppData\Local\Temp\surefire6023048156607148746 2019-01-28T15-19-41_344-jvmRun1 surefire3715700313361708457tmp surefire_05854826618689255046tmp"/>
    <property name="surefire.test.class.path" value="D:\spring_demo\e3parent\e3-common\target\test-classes;D:\spring_demo\e3parent\e3-common\target\classes;D:\repository\junit\junit\4.12\junit-4.12.jar;D:\repository\org\hamcrest\hamcrest-core\1.3\hamcrest-core-1.3.jar;D:\repository\joda-time\joda-time\2.5\joda-time-2.5.jar;D:\repository\org\apache\commons\commons-lang3\3.3.2\commons-lang3-3.3.2.jar;D:\repository\commons-io\commons-io\1.3.2\commons-io-1.3.2.jar;D:\repository\commons-net\commons-net\3.3\commons-net-3.3.jar;D:\repository\com\fasterxml\jackson\core\jackson-databind\2.4.2\jackson-databind-2.4.2.jar;D:\repository\com\fasterxml\jackson\core\jackson-annotations\2.4.0\jackson-annotations-2.4.0.jar;D:\repository\com\fasterxml\jackson\core\jackson-core\2.4.2\jackson-core-2.4.2.jar;D:\repository\org\apache\httpcomponents\httpclient\4.3.5\httpclient-4.3.5.jar;D:\repository\org\apache\httpcomponents\httpcore\4.3.2\httpcore-4.3.2.jar;D:\repository\commons-logging\commons-logging\1.1.3\commons-logging-1.1.3.jar;D:\repository\commons-codec\commons-codec\1.6\commons-codec-1.6.jar;D:\repository\org\quartz-scheduler\quartz\2.2.2\quartz-2.2.2.jar;D:\repository\c3p0\c3p0\0.9.1.1\c3p0-0.9.1.1.jar;D:\repository\org\slf4j\slf4j-api\1.7.7\slf4j-api-1.7.7.jar;D:\repository\org\slf4j\slf4j-log4j12\1.6.4\slf4j-log4j12-1.6.4.jar;D:\repository\log4j\log4j\1.2.16\log4j-1.2.16.jar;"/>
    <property name="sun.cpu.endian" value="little"/>
    <property name="user.home" value="C:\Users\zhouli"/>
    <property name="user.language" value="zh"/>
    <property name="java.specification.vendor" value="Oracle Corporation"/>
    <property name="java.home" value="C:\Java\jdk1.8.0_181\jre"/>
    <property name="basedir" value="D:\spring_demo\e3parent\e3-common"/>
    <property name="file.separator" value="\"/>
    <property name="line.separator" value="&#10;"/>
    <property name="java.vm.specification.vendor" value="Oracle Corporation"/>
    <property name="java.specification.name" value="Java Platform API Specification"/>
    <property name="java.awt.graphicsenv" value="sun.awt.Win32GraphicsEnvironment"/>
    <property name="surefire.real.class.path" value="C:\Users\zhouli\AppData\Local\Temp\surefire6023048156607148746\surefirebooter1136979237110188998.jar"/>
    <property name="sun.boot.class.path" value="C:\Java\jdk1.8.0_181\jre\lib\resources.jar;C:\Java\jdk1.8.0_181\jre\lib\rt.jar;C:\Java\jdk1.8.0_181\jre\lib\sunrsasign.jar;C:\Java\jdk1.8.0_181\jre\lib\jsse.jar;C:\Java\jdk1.8.0_181\jre\lib\jce.jar;C:\Java\jdk1.8.0_181\jre\lib\charsets.jar;C:\Java\jdk1.8.0_181\jre\lib\jfr.jar;C:\Java\jdk1.8.0_181\jre\classes"/>
    <property name="user.script" value=""/>
    <property name="sun.management.compiler" value="HotSpot 64-Bit Tiered Compilers"/>
    <property name="java.runtime.version" value="1.8.0_181-b13"/>
    <property name="user.name" value="zhouli"/>
    <property name="path.separator" value=";"/>
    <property name="os.version" value="10.0"/>
    <property name="java.endorsed.dirs" value="C:\Java\jdk1.8.0_181\jre\lib\endorsed"/>
    <property name="java.runtime.name" value="Java(TM) SE Runtime Environment"/>
    <property name="file.encoding" value="GBK"/>
    <property name="java.vm.name" value="Java HotSpot(TM) 64-Bit Server VM"/>
    <property name="localRepository" value="D:\repository"/>
    <property name="java.vendor.url.bug" value="http://bugreport.sun.com/bugreport/"/>
    <property name="java.io.tmpdir" value="C:\Users\zhouli\AppData\Local\Temp\"/>
    <property name="idea.version" value="2018.1"/>
    <property name="java.version" value="1.8.0_181"/>
    <property name="user.dir" value="D:\spring_demo\e3parent\e3-common"/>
    <property name="os.arch" value="amd64"/>
    <property name="java.vm.specification.name" value="Java Virtual Machine Specification"/>
    <property name="java.awt.printerjob" value="sun.awt.windows.WPrinterJob"/>
    <property name="sun.os.patch.level" value=""/>
    <property name="java.library.path" value="C:\Java\jdk1.8.0_181\jre\bin;C:\Windows\Sun\Java\bin;C:\Windows\system32;C:\Windows;.;C:\Java\jdk1.8.0_181\bin;C:\Java\jdk1.8.0_181\jre\bin;C:\Program Files (x86)\Common Files\Oracle\Java\javapath;C:\ProgramData\Oracle\Java\javapath;C:\Program Files (x86)\Intel\iCLS Client\;C:\Program Files\Intel\iCLS Client\;C:\Windows\system32;C:\Windows;C:\Windows\System32\Wbem;C:\Windows\System32\WindowsPowerShell\v1.0\;C:\Program Files (x86)\Intel\Intel(R) Management Engine Components\DAL;C:\Program Files\Intel\Intel(R) Management Engine Components\DAL;C:\Program Files (x86)\Intel\Intel(R) Management Engine Components\IPT;C:\Program Files\Intel\Intel(R) Management Engine Components\IPT;C:\Program Files (x86)\NVIDIA Corporation\PhysX\Common;C:\Windows\system32;C:\Windows;C:\Windows\System32\Wbem;C:\Windows\System32\WindowsPowerShell\v1.0\;C:\Windows\System32\OpenSSH\;C:\Program Files (x86)\Java\jdk1.8.0_73\bin;D:\mysql-5.7.16-winx64\bin;E:\apache-maven-3.6.0-bin\apache-maven-3.6.0\bin;E:\idea\apache-tomcat-8.5.31\apache-tomcat-8.5.31\bin;E:\idea\apache-tomcat-8.5.31\apache-tomcat-8.5.31\lib;G:\git_2.8.1\Git\cmd;E:\modelsim\win64;E:\modelsim\MODELSIM\win64;."/>
    <property name="java.vm.info" value="mixed mode"/>
    <property name="java.vendor" value="Oracle Corporation"/>
    <property name="java.vm.version" value="25.181-b13"/>
    <property name="java.ext.dirs" value="C:\Java\jdk1.8.0_181\jre\lib\ext;C:\Windows\Sun\Java\lib\ext"/>
    <property name="sun.io.unicode.encoding" value="UnicodeLittle"/>
    <property name="maven.repo.local" value="D:\repository"/>
    <property name="java.class.version" value="52.0"/>
  </properties>
  <testcase name="shouldAnswerWithTrue" classname="com.xzy.AppTest" time="0"/>
</testsuite>